#
# A fatal error has been detected by the Java Runtime Environment:
#
#  SIGSEGV (0xb) at pc=0x000000010c40b62c, pid=24994, tid=16643
#
# JRE version: Java(TM) SE Runtime Environment (8.0_05-b13) (build 1.8.0_05-b13)
# Java VM: Java HotSpot(TM) 64-Bit Server VM (25.5-b02 mixed mode bsd-amd64 compressed oops)
# Problematic frame:
# V  [libjvm.dylib+0x40b62c]
#
# Failed to write core dump. Core dumps have been disabled. To enable core dumping, try "ulimit -c unlimited" before starting Java again
#
# If you would like to submit a bug report, please visit:
#   http://bugreport.sun.com/bugreport/crash.jsp
#

---------------  T H R E A D  ---------------

Current thread (0x00007fd2b580e000):  JavaThread "JDWP Transport Listener: dt_socket" daemon [_thread_in_vm, id=16643, stack(0x00000001295af000,0x00000001296af000)]

siginfo:si_signo=SIGSEGV: si_errno=0, si_code=0 (SEGV0), si_addr=0x0000000000000000

Registers:
RAX=0x0000000000000001, RBX=0x00000001296aea8b, RCX=0x000000010c7af780, RDX=0x00000001296aea8b
RSP=0x00000001296ae9d0, RBP=0x00000001296ae9e0, RSI=0x00007fd2b580e000, RDI=0x000307fd2b3d1b2e
R8 =0x0000000000000000, R9 =0x00007fd2b3d00000, R10=0x0000000000000010, R11=0x00007fd2b3d00000
R12=0x00007fd2b580e000, R13=0x000307fd2b3d1b2e, R14=0x000307fd2b3d1b2e, R15=0x00007fd2b3e0a0a0
RIP=0x000000010c40b62c, EFLAGS=0x0000000000010206, ERR=0x0000000000000000
  TRAPNO=0x000000000000000d

Top of Stack: (sp=0x00000001296ae9d0)
0x00000001296ae9d0:   00000001296aea8b 00000001296aea8b
0x00000001296ae9e0:   00000001296aea40 000000010c32497a
0x00000001296ae9f0:   00007fd2b580e000 0000000000000000
0x00000001296aea00:   0000000000000000 0000000000000000
0x00000001296aea10:   00007fd2b580e000 00007fd2b580e000
0x00000001296aea20:   00000001296aea8b 00000001296aea90
0x00000001296aea30:   000307fd2b3d1b2e 0000000000000005
0x00000001296aea40:   00000001296aea60 000000010d0177dc
0x00000001296aea50:   0000000000000001 00000001296aeb08
0x00000001296aea60:   00000001296aead0 000000010cffc263
0x00000001296aea70:   00000001296aeaa0 00007fd2b3d1c700
0x00000001296aea80:   0000000600000032 00000009006aeb08
0x00000001296aea90:   0000000000000000 0000000000000000
0x00000001296aeaa0:   0000000000000000 00000001296aec90
0x00000001296aeab0:   000000010d01eeca 00007fd2b3f23320
0x00000001296aeac0:   00000001296aeb08 000000010d02a588
0x00000001296aead0:   00000001296aeae0 000000010cffc35c
0x00000001296aeae0:   00000001296aed00 000000010d0058f6
0x00000001296aeaf0:   000001e800000013 00000000000f0200
0x00000001296aeb00:   00007fd2b3f1ee60 00000001296aec82
0x00000001296aeb10:   00007fd200000002 00000001296aeb20
0x00000001296aeb20:   00007fd20000012a 00000001296aeb58
0x00000001296aeb30:   0000000000000000 00007f0000000000
0x00000001296aeb40:   000001e80000001c 00007fff0000ff80
0x00000001296aeb50:   00000001296aeb58 d27f000006000000
0x00000001296aeb60:   06000000a03cf2b3 00003e74696e693c
0x00000001296aeb70:   0000005629280300 7f00000100000000
0x00000001296aeb80:   000000d03cf2b3d2 246164626d616c08
0x00000001296aeb90:   6a4c283500000030 6c6974752f617661
0x00000001296aeba0:   4c3b65756575512f 656d6f682f6d6f63
0x00000001296aebb0:   472f747365747a2f 7261655368706172
0x00000001296aebc0:   3b65646f4e246863 00f0000000005629 

Instructions: (pc=0x000000010c40b62c)
0x000000010c40b60c:   40 48 48 85 c0 75 e0 30 c0 0f b6 c0 5d c3 31 c0
0x000000010c40b61c:   5d c3 55 48 89 e5 53 48 83 ec 08 48 85 ff 74 24
0x000000010c40b62c:   48 8b 1f 48 85 db 74 1c 48 83 fb 37 74 16 48 8b
0x000000010c40b63c:   03 48 89 df ff 50 08 84 c0 b8 00 00 00 00 48 0f 

Register to memory mapping:

RAX=0x0000000000000001 is an unknown value
RBX=0x00000001296aea8b is pointing into the stack for thread: 0x00007fd2b580e000
RCX=0x000000010c7af780: UseMembar+0 in /Library/Java/JavaVirtualMachines/jdk1.8.0_05.jdk/Contents/Home/jre/lib/server/libjvm.dylib at 0x000000010c000000
RDX=0x00000001296aea8b is pointing into the stack for thread: 0x00007fd2b580e000
RSP=0x00000001296ae9d0 is pointing into the stack for thread: 0x00007fd2b580e000
RBP=0x00000001296ae9e0 is pointing into the stack for thread: 0x00007fd2b580e000
RSI=0x00007fd2b580e000 is a thread
RDI=0x000307fd2b3d1b2e is an unknown value
R8 =0x0000000000000000 is an unknown value
R9 =0x00007fd2b3d00000 is an unknown value
R10=0x0000000000000010 is an unknown value
R11=0x00007fd2b3d00000 is an unknown value
R12=0x00007fd2b580e000 is a thread
R13=0x000307fd2b3d1b2e is an unknown value
R14=0x000307fd2b3d1b2e is an unknown value
R15=0x00007fd2b3e0a0a0 is an unknown value


Stack: [0x00000001295af000,0x00000001296af000],  sp=0x00000001296ae9d0,  free space=1022k
Native frames: (J=compiled Java code, j=interpreted, Vv=VM code, C=native code)
V  [libjvm.dylib+0x40b62c]
V  [libjvm.dylib+0x32497a]
C  [libjdwp.dylib+0x207dc]  isMethodSynthetic+0x63
C  [libjdwp.dylib+0x5263]  methods1+0x10b
C  [libjdwp.dylib+0x535c]  methodsWithGeneric+0xe
C  [libjdwp.dylib+0xe8f6]  debugLoop_run+0x1ce
C  [libjdwp.dylib+0x1f716]  attachThread+0x4d
V  [libjvm.dylib+0x3659ea]
V  [libjvm.dylib+0x51ccf5]
V  [libjvm.dylib+0x51e432]
V  [libjvm.dylib+0x445426]
C  [libsystem_pthread.dylib+0x3268]  _pthread_body+0x83
C  [libsystem_pthread.dylib+0x31e5]  _pthread_body+0x0
C  [libsystem_pthread.dylib+0x141d]  thread_start+0xd


---------------  P R O C E S S  ---------------

Java Threads: ( => current thread )
  0x00007fd2b5814000 JavaThread "Service Thread" daemon [_thread_blocked, id=19715, stack(0x0000000129bc1000,0x0000000129cc1000)]
  0x00007fd2b502d000 JavaThread "C1 CompilerThread2" daemon [_thread_blocked, id=19203, stack(0x0000000129abe000,0x0000000129bbe000)]
  0x00007fd2b4010800 JavaThread "C2 CompilerThread1" daemon [_thread_blocked, id=18691, stack(0x00000001299bb000,0x0000000129abb000)]
  0x00007fd2b5815000 JavaThread "C2 CompilerThread0" daemon [_thread_blocked, id=18179, stack(0x00000001298b8000,0x00000001299b8000)]
  0x00007fd2b4867000 JavaThread "JDWP Command Reader" daemon [_thread_in_native, id=17667, stack(0x00000001297b5000,0x00000001298b5000)]
  0x00007fd2b400f000 JavaThread "JDWP Event Helper Thread" daemon [_thread_blocked, id=17155, stack(0x00000001296b2000,0x00000001297b2000)]
=>0x00007fd2b580e000 JavaThread "JDWP Transport Listener: dt_socket" daemon [_thread_in_vm, id=16643, stack(0x00000001295af000,0x00000001296af000)]
  0x00007fd2b580d000 JavaThread "Signal Dispatcher" daemon [_thread_blocked, id=13331, stack(0x00000001294a5000,0x00000001295a5000)]
  0x00007fd2b483d800 JavaThread "Finalizer" daemon [_thread_blocked, id=11523, stack(0x0000000127a87000,0x0000000127b87000)]
  0x00007fd2b483d000 JavaThread "Reference Handler" daemon [_thread_blocked, id=11011, stack(0x0000000127984000,0x0000000127a84000)]
  0x00007fd2b5001000 JavaThread "main" [_thread_blocked, id=4867, stack(0x000000010cec1000,0x000000010cfc1000)]

Other Threads:
  0x00007fd2b5026800 VMThread [stack: 0x0000000127881000,0x0000000127981000] [id=10499]
  0x00007fd2b400c000 WatcherThread [stack: 0x0000000129cc4000,0x0000000129dc4000] [id=20227]

VM state:not at safepoint (normal execution)

VM Mutex/Monitor currently owned by a thread: None

Heap:
 PSYoungGen      total 1024K, used 757K [0x000000076ab00000, 0x000000076ad00000, 0x00000007c0000000)
  eden space 512K, 54% used [0x000000076ab00000,0x000000076ab45748,0x000000076ab80000)
  from space 512K, 93% used [0x000000076ab80000,0x000000076abf8020,0x000000076ac00000)
  to   space 512K, 0% used [0x000000076ac80000,0x000000076ac80000,0x000000076ad00000)
 ParOldGen       total 260608K, used 208K [0x00000006c0000000, 0x00000006cfe80000, 0x000000076ab00000)
  object space 260608K, 0% used [0x00000006c0000000,0x00000006c0034000,0x00000006cfe80000)
 Metaspace       used 3519K, capacity 4572K, committed 4864K, reserved 1056768K
  class space    used 388K, capacity 422K, committed 512K, reserved 1048576K

Card table byte_map: [0x000000011c402000,0x000000011cc03000] byte_map_base: 0x0000000118e02000

Marking Bits: (ParMarkBitMap*) 0x000000010c8660a0
 Begin Bits: [0x000000011d565000, 0x0000000121565000)
 End Bits:   [0x0000000121565000, 0x0000000125565000)

Polling page: 0x000000010b7da000

CodeCache: size=245760Kb used=1415Kb max_used=1415Kb free=244344Kb
 bounds [0x000000010d042000, 0x000000010d2b2000, 0x000000011c042000]
 total_blobs=423 nmethods=174 adapters=173
 compilation: enabled

Compilation events (10 events):
Event: 0.440 Thread 0x00007fd2b502d000  166       3       jdk.internal.org.objectweb.asm.Frame::execute (2252 bytes)
Event: 0.448 Thread 0x00007fd2b502d000 nmethod 166 0x000000010d198190 code [0x000000010d198f00, 0x000000010d19e248]
Event: 0.448 Thread 0x00007fd2b502d000  167       3       sun.invoke.util.BytecodeDescriptor::unparseSig (75 bytes)
Event: 0.449 Thread 0x00007fd2b502d000 nmethod 167 0x000000010d1a1a50 code [0x000000010d1a1cc0, 0x000000010d1a2ce8]
Event: 0.449 Thread 0x00007fd2b502d000  170       1       java.lang.invoke.MethodHandle::type (5 bytes)
Event: 0.449 Thread 0x00007fd2b502d000 nmethod 170 0x000000010d1a36d0 code [0x000000010d1a3820, 0x000000010d1a3930]
Event: 0.449 Thread 0x00007fd2b502d000  161       1       java.lang.invoke.LambdaForm$Name::access$000 (5 bytes)
Event: 0.450 Thread 0x00007fd2b502d000 nmethod 161 0x000000010d1a3990 code [0x000000010d1a3ae0, 0x000000010d1a3bd0]
Event: 0.450 Thread 0x00007fd2b502d000  171       1       java.lang.invoke.LambdaForm::arity (5 bytes)
Event: 0.450 Thread 0x00007fd2b502d000 nmethod 171 0x000000010d1a3c50 code [0x000000010d1a3da0, 0x000000010d1a3eb0]

GC Heap History (6 events):
Event: 0.345 GC heap before
{Heap before GC invocations=1 (full 0):
 PSYoungGen      total 1024K, used 512K [0x000000076ab00000, 0x000000076ac80000, 0x00000007c0000000)
  eden space 512K, 100% used [0x000000076ab00000,0x000000076ab80000,0x000000076ab80000)
  from space 512K, 0% used [0x000000076ac00000,0x000000076ac00000,0x000000076ac80000)
  to   space 512K, 0% used [0x000000076ab80000,0x000000076ab80000,0x000000076ac00000)
 ParOldGen       total 260608K, used 0K [0x00000006c0000000, 0x00000006cfe80000, 0x000000076ab00000)
  object space 260608K, 0% used [0x00000006c0000000,0x00000006c0000000,0x00000006cfe80000)
 Metaspace       used 2523K, capacity 4480K, committed 4480K, reserved 1056768K
  class space    used 269K, capacity 384K, committed 384K, reserved 1048576K
Event: 0.346 GC heap after
Heap after GC invocations=1 (full 0):
 PSYoungGen      total 1024K, used 416K [0x000000076ab00000, 0x000000076ac80000, 0x00000007c0000000)
  eden space 512K, 0% used [0x000000076ab00000,0x000000076ab00000,0x000000076ab80000)
  from space 512K, 81% used [0x000000076ab80000,0x000000076abe8020,0x000000076ac00000)
  to   space 512K, 0% used [0x000000076ac00000,0x000000076ac00000,0x000000076ac80000)
 ParOldGen       total 260608K, used 0K [0x00000006c0000000, 0x00000006cfe80000, 0x000000076ab00000)
  object space 260608K, 0% used [0x00000006c0000000,0x00000006c0000000,0x00000006cfe80000)
 Metaspace       used 2523K, capacity 4480K, committed 4480K, reserved 1056768K
  class space    used 269K, capacity 384K, committed 384K, reserved 1048576K
}
Event: 0.388 GC heap before
{Heap before GC invocations=2 (full 0):
 PSYoungGen      total 1024K, used 927K [0x000000076ab00000, 0x000000076ac80000, 0x00000007c0000000)
  eden space 512K, 99% used [0x000000076ab00000,0x000000076ab7fd28,0x000000076ab80000)
  from space 512K, 81% used [0x000000076ab80000,0x000000076abe8020,0x000000076ac00000)
  to   space 512K, 0% used [0x000000076ac00000,0x000000076ac00000,0x000000076ac80000)
 ParOldGen       total 260608K, used 0K [0x00000006c0000000, 0x00000006cfe80000, 0x000000076ab00000)
  object space 260608K, 0% used [0x00000006c0000000,0x00000006c0000000,0x00000006cfe80000)
 Metaspace       used 2783K, capacity 4486K, committed 4864K, reserved 1056768K
  class space    used 299K, capacity 386K, committed 512K, reserved 1048576K
Event: 0.389 GC heap after
Heap after GC invocations=2 (full 0):
 PSYoungGen      total 1024K, used 480K [0x000000076ab00000, 0x000000076ad00000, 0x00000007c0000000)
  eden space 512K, 0% used [0x000000076ab00000,0x000000076ab00000,0x000000076ab80000)
  from space 512K, 93% used [0x000000076ac00000,0x000000076ac78020,0x000000076ac80000)
  to   space 512K, 0% used [0x000000076ab80000,0x000000076ab80000,0x000000076ac00000)
 ParOldGen       total 260608K, used 56K [0x00000006c0000000, 0x00000006cfe80000, 0x000000076ab00000)
  object space 260608K, 0% used [0x00000006c0000000,0x00000006c000e000,0x00000006cfe80000)
 Metaspace       used 2783K, capacity 4486K, committed 4864K, reserved 1056768K
  class space    used 299K, capacity 386K, committed 512K, reserved 1048576K
}
Event: 0.427 GC heap before
{Heap before GC invocations=3 (full 0):
 PSYoungGen      total 1024K, used 992K [0x000000076ab00000, 0x000000076ad00000, 0x00000007c0000000)
  eden space 512K, 100% used [0x000000076ab00000,0x000000076ab80000,0x000000076ab80000)
  from space 512K, 93% used [0x000000076ac00000,0x000000076ac78020,0x000000076ac80000)
  to   space 512K, 0% used [0x000000076ab80000,0x000000076ab80000,0x000000076ac00000)
 ParOldGen       total 260608K, used 56K [0x00000006c0000000, 0x00000006cfe80000, 0x000000076ab00000)
  object space 260608K, 0% used [0x00000006c0000000,0x00000006c000e000,0x00000006cfe80000)
 Metaspace       used 3270K, capacity 4532K, committed 4864K, reserved 1056768K
  class space    used 353K, capacity 407K, committed 512K, reserved 1048576K
Event: 0.428 GC heap after
Heap after GC invocations=3 (full 0):
 PSYoungGen      total 1024K, used 480K [0x000000076ab00000, 0x000000076ad00000, 0x00000007c0000000)
  eden space 512K, 0% used [0x000000076ab00000,0x000000076ab00000,0x000000076ab80000)
  from space 512K, 93% used [0x000000076ab80000,0x000000076abf8020,0x000000076ac00000)
  to   space 512K, 0% used [0x000000076ac80000,0x000000076ac80000,0x000000076ad00000)
 ParOldGen       total 260608K, used 208K [0x00000006c0000000, 0x00000006cfe80000, 0x000000076ab00000)
  object space 260608K, 0% used [0x00000006c0000000,0x00000006c0034000,0x00000006cfe80000)
 Metaspace       used 3270K, capacity 4532K, committed 4864K, reserved 1056768K
  class space    used 353K, capacity 407K, committed 512K, reserved 1048576K
}

Deoptimization events (0 events):
No events

Internal exceptions (10 events):
Event: 0.365 Thread 0x00007fd2b5001000 Exception <a 'java/security/PrivilegedActionException'> (0x000000076ab655f0) thrown at [/HUDSON/workspace/8-2-build-macosx-x86_64/jdk8u5/2488/hotspot/src/share/vm/prims/jvm.cpp, line 1248]
Event: 0.367 Thread 0x00007fd2b5001000 Exception <a 'java/util/zip/ZipException'> (0x000000076ab77280) thrown at [/HUDSON/workspace/8-2-build-macosx-x86_64/jdk8u5/2488/hotspot/src/share/vm/prims/jni.cpp, line 716]
Event: 0.367 Thread 0x00007fd2b5001000 Exception <a 'java/security/PrivilegedActionException'> (0x000000076ab77430) thrown at [/HUDSON/workspace/8-2-build-macosx-x86_64/jdk8u5/2488/hotspot/src/share/vm/prims/jvm.cpp, line 1248]
Event: 0.367 Thread 0x00007fd2b5001000 Exception <a 'java/security/PrivilegedActionException'> (0x000000076ab775e8) thrown at [/HUDSON/workspace/8-2-build-macosx-x86_64/jdk8u5/2488/hotspot/src/share/vm/prims/jvm.cpp, line 1248]
Event: 0.367 Thread 0x00007fd2b5001000 Exception <a 'java/security/PrivilegedActionException'> (0x000000076ab77958) thrown at [/HUDSON/workspace/8-2-build-macosx-x86_64/jdk8u5/2488/hotspot/src/share/vm/prims/jvm.cpp, line 1248]
Event: 0.387 Thread 0x00007fd2b5001000 Exception <a 'java/security/PrivilegedActionException'> (0x000000076ab7ead8) thrown at [/HUDSON/workspace/8-2-build-macosx-x86_64/jdk8u5/2488/hotspot/src/share/vm/prims/jvm.cpp, line 1248]
Event: 0.403 Thread 0x00007fd2b5001000 Exception <a 'java/lang/ClassNotFoundException': java/lang/Null> (0x000000076ab1aca8) thrown at [/HUDSON/workspace/8-2-build-macosx-x86_64/jdk8u5/2488/hotspot/src/share/vm/classfile/systemDictionary.cpp, line 202]
Event: 0.420 Thread 0x00007fd2b5001000 Exception <a 'java/lang/NoSuchFieldError': method resolution failed> (0x000000076ab73168) thrown at [/HUDSON/workspace/8-2-build-macosx-x86_64/jdk8u5/2488/hotspot/src/share/vm/prims/methodHandles.cpp, line 1159]
Event: 0.429 Thread 0x00007fd2b5001000 Exception <a 'java/lang/NoSuchFieldError': method resolution failed> (0x000000076ab01dc0) thrown at [/HUDSON/workspace/8-2-build-macosx-x86_64/jdk8u5/2488/hotspot/src/share/vm/prims/methodHandles.cpp, line 1159]
Event: 0.432 Thread 0x00007fd2b5001000 Exception <a 'java/lang/NoSuchFieldError': method resolution failed> (0x000000076ab04f70) thrown at [/HUDSON/workspace/8-2-build-macosx-x86_64/jdk8u5/2488/hotspot/src/share/vm/prims/methodHandles.cpp, line 1159]

Events (10 events):
Event: 118.856 Executing VM operation: GetCurrentLocation
Event: 118.856 Executing VM operation: GetCurrentLocation done
Event: 118.856 Executing VM operation: EnterInterpOnlyMode
Event: 118.856 Executing VM operation: EnterInterpOnlyMode done
Event: 118.856 Executing VM operation: ChangeSingleStep
Event: 118.856 Executing VM operation: ChangeSingleStep done
Event: 118.856 Executing VM operation: ChangeSingleStep
Event: 118.856 Executing VM operation: ChangeSingleStep done
Event: 118.862 Executing VM operation: RedefineClasses
Event: 118.864 Executing VM operation: RedefineClasses done


Dynamic libraries:
0x000000000abcf000 	/System/Library/Frameworks/Cocoa.framework/Versions/A/Cocoa
0x000000000abcf000 	/System/Library/Frameworks/Security.framework/Versions/A/Security
0x000000000abcf000 	/System/Library/Frameworks/ApplicationServices.framework/Versions/A/ApplicationServices
0x000000000abcf000 	/usr/lib/libz.1.dylib
0x000000000abcf000 	/usr/lib/libSystem.B.dylib
0x000000000abcf000 	/usr/lib/libobjc.A.dylib
0x000000000abcf000 	/System/Library/Frameworks/CoreFoundation.framework/Versions/A/CoreFoundation
0x000000000abcf000 	/System/Library/Frameworks/Foundation.framework/Versions/C/Foundation
0x000000000abcf000 	/System/Library/Frameworks/AppKit.framework/Versions/C/AppKit
0x000000000abcf000 	/System/Library/Frameworks/CoreData.framework/Versions/A/CoreData
0x000000000abcf000 	/System/Library/PrivateFrameworks/RemoteViewServices.framework/Versions/A/RemoteViewServices
0x000000000abcf000 	/System/Library/PrivateFrameworks/UIFoundation.framework/Versions/A/UIFoundation
0x000000000abcf000 	/System/Library/Frameworks/IOSurface.framework/Versions/A/IOSurface
0x000000000abcf000 	/System/Library/Frameworks/AudioToolbox.framework/Versions/A/AudioToolbox
0x000000000abcf000 	/System/Library/Frameworks/AudioUnit.framework/Versions/A/AudioUnit
0x000000000abcf000 	/System/Library/PrivateFrameworks/DataDetectorsCore.framework/Versions/A/DataDetectorsCore
0x000000000abcf000 	/System/Library/PrivateFrameworks/DesktopServicesPriv.framework/Versions/A/DesktopServicesPriv
0x000000000abcf000 	/System/Library/Frameworks/Carbon.framework/Versions/A/Frameworks/HIToolbox.framework/Versions/A/HIToolbox
0x000000000abcf000 	/System/Library/Frameworks/QuartzCore.framework/Versions/A/QuartzCore
0x000000000abcf000 	/System/Library/Frameworks/Carbon.framework/Versions/A/Frameworks/SpeechRecognition.framework/Versions/A/SpeechRecognition
0x000000000abcf000 	/usr/lib/libauto.dylib
0x000000000abcf000 	/usr/lib/libicucore.A.dylib
0x000000000abcf000 	/usr/lib/libxml2.2.dylib
0x000000000abcf000 	/System/Library/PrivateFrameworks/CoreUI.framework/Versions/A/CoreUI
0x000000000abcf000 	/System/Library/Frameworks/CoreAudio.framework/Versions/A/CoreAudio
0x000000000abcf000 	/System/Library/Frameworks/DiskArbitration.framework/Versions/A/DiskArbitration
0x000000000abcf000 	/usr/lib/liblangid.dylib
0x000000000abcf000 	/System/Library/PrivateFrameworks/MultitouchSupport.framework/Versions/A/MultitouchSupport
0x000000000abcf000 	/System/Library/Frameworks/IOKit.framework/Versions/A/IOKit
0x000000000abcf000 	/usr/lib/libDiagnosticMessagesClient.dylib
0x000000000abcf000 	/System/Library/Frameworks/CoreServices.framework/Versions/A/CoreServices
0x000000000abcf000 	/System/Library/PrivateFrameworks/PerformanceAnalysis.framework/Versions/A/PerformanceAnalysis
0x000000000abcf000 	/System/Library/PrivateFrameworks/GenerationalStorage.framework/Versions/A/GenerationalStorage
0x000000000abcf000 	/System/Library/Frameworks/OpenGL.framework/Versions/A/OpenGL
0x000000000abcf000 	/System/Library/PrivateFrameworks/Sharing.framework/Versions/A/Sharing
0x000000000abcf000 	/System/Library/Frameworks/CoreGraphics.framework/Versions/A/CoreGraphics
0x000000000abcf000 	/System/Library/Frameworks/CoreText.framework/Versions/A/CoreText
0x000000000abcf000 	/System/Library/Frameworks/ImageIO.framework/Versions/A/ImageIO
0x000000000abcf000 	/usr/lib/libextension.dylib
0x000000000abcf000 	/System/Library/PrivateFrameworks/Backup.framework/Versions/A/Backup
0x000000000abcf000 	/usr/lib/libarchive.2.dylib
0x000000000abcf000 	/System/Library/Frameworks/CFNetwork.framework/Versions/A/CFNetwork
0x000000000abcf000 	/System/Library/Frameworks/SystemConfiguration.framework/Versions/A/SystemConfiguration
0x000000000abcf000 	/usr/lib/libCRFSuite.dylib
0x000000000abcf000 	/usr/lib/libc++.1.dylib
0x000000000abcf000 	/usr/lib/libc++abi.dylib
0x000000000abcf000 	/usr/lib/system/libcache.dylib
0x000000000abcf000 	/usr/lib/system/libcommonCrypto.dylib
0x000000000abcf000 	/usr/lib/system/libcompiler_rt.dylib
0x000000000abcf000 	/usr/lib/system/libcopyfile.dylib
0x000000000abcf000 	/usr/lib/system/libcorecrypto.dylib
0x000000000abcf000 	/usr/lib/system/libdispatch.dylib
0x000000000abcf000 	/usr/lib/system/libdyld.dylib
0x000000000abcf000 	/usr/lib/system/libkeymgr.dylib
0x000000000abcf000 	/usr/lib/system/liblaunch.dylib
0x000000000abcf000 	/usr/lib/system/libmacho.dylib
0x000000000abcf000 	/usr/lib/system/libquarantine.dylib
0x000000000abcf000 	/usr/lib/system/libremovefile.dylib
0x000000000abcf000 	/usr/lib/system/libsystem_asl.dylib
0x000000000abcf000 	/usr/lib/system/libsystem_blocks.dylib
0x000000000abcf000 	/usr/lib/system/libsystem_c.dylib
0x000000000abcf000 	/usr/lib/system/libsystem_configuration.dylib
0x000000000abcf000 	/usr/lib/system/libsystem_coreservices.dylib
0x000000000abcf000 	/usr/lib/system/libsystem_coretls.dylib
0x000000000abcf000 	/usr/lib/system/libsystem_dnssd.dylib
0x000000000abcf000 	/usr/lib/system/libsystem_info.dylib
0x000000000abcf000 	/usr/lib/system/libsystem_kernel.dylib
0x000000000abcf000 	/usr/lib/system/libsystem_m.dylib
0x000000000abcf000 	/usr/lib/system/libsystem_malloc.dylib
0x000000000abcf000 	/usr/lib/system/libsystem_network.dylib
0x000000000abcf000 	/usr/lib/system/libsystem_networkextension.dylib
0x000000000abcf000 	/usr/lib/system/libsystem_notify.dylib
0x000000000abcf000 	/usr/lib/system/libsystem_platform.dylib
0x000000000abcf000 	/usr/lib/system/libsystem_pthread.dylib
0x000000000abcf000 	/usr/lib/system/libsystem_sandbox.dylib
0x000000000abcf000 	/usr/lib/system/libsystem_secinit.dylib
0x000000000abcf000 	/usr/lib/system/libsystem_stats.dylib
0x000000000abcf000 	/usr/lib/system/libsystem_trace.dylib
0x000000000abcf000 	/usr/lib/system/libunc.dylib
0x000000000abcf000 	/usr/lib/system/libunwind.dylib
0x000000000abcf000 	/usr/lib/system/libxpc.dylib
0x000000000abcf000 	/usr/lib/libbz2.1.0.dylib
0x000000000abcf000 	/usr/lib/liblzma.5.dylib
0x000000000abcf000 	/usr/lib/libbsm.0.dylib
0x000000000abcf000 	/usr/lib/libsqlite3.dylib
0x000000000abcf000 	/usr/lib/system/libkxld.dylib
0x000000000abcf000 	/usr/lib/libxar.1.dylib
0x000000000abcf000 	/usr/lib/libpam.2.dylib
0x000000000abcf000 	/usr/lib/libOpenScriptingUtil.dylib
0x000000000abcf000 	/System/Library/Frameworks/CoreServices.framework/Versions/A/Frameworks/FSEvents.framework/Versions/A/FSEvents
0x000000000abcf000 	/System/Library/Frameworks/CoreServices.framework/Versions/A/Frameworks/CarbonCore.framework/Versions/A/CarbonCore
0x000000000abcf000 	/System/Library/Frameworks/CoreServices.framework/Versions/A/Frameworks/Metadata.framework/Versions/A/Metadata
0x000000000abcf000 	/System/Library/Frameworks/CoreServices.framework/Versions/A/Frameworks/OSServices.framework/Versions/A/OSServices
0x000000000abcf000 	/System/Library/Frameworks/CoreServices.framework/Versions/A/Frameworks/SearchKit.framework/Versions/A/SearchKit
0x000000000abcf000 	/System/Library/Frameworks/CoreServices.framework/Versions/A/Frameworks/AE.framework/Versions/A/AE
0x000000000abcf000 	/System/Library/Frameworks/CoreServices.framework/Versions/A/Frameworks/LaunchServices.framework/Versions/A/LaunchServices
0x000000000abcf000 	/System/Library/Frameworks/CoreServices.framework/Versions/A/Frameworks/DictionaryServices.framework/Versions/A/DictionaryServices
0x000000000abcf000 	/System/Library/Frameworks/NetFS.framework/Versions/A/NetFS
0x000000000abcf000 	/System/Library/PrivateFrameworks/NetAuth.framework/Versions/A/NetAuth
0x000000000abcf000 	/System/Library/PrivateFrameworks/login.framework/Versions/A/Frameworks/loginsupport.framework/Versions/A/loginsupport
0x000000000abcf000 	/System/Library/PrivateFrameworks/TCC.framework/Versions/A/TCC
0x000000000abcf000 	/usr/lib/libmecabra.dylib
0x000000000abcf000 	/System/Library/Frameworks/ApplicationServices.framework/Versions/A/Frameworks/ATS.framework/Versions/A/ATS
0x000000000abcf000 	/System/Library/Frameworks/ApplicationServices.framework/Versions/A/Frameworks/ColorSync.framework/Versions/A/ColorSync
0x000000000abcf000 	/System/Library/Frameworks/ApplicationServices.framework/Versions/A/Frameworks/HIServices.framework/Versions/A/HIServices
0x000000000abcf000 	/System/Library/Frameworks/ApplicationServices.framework/Versions/A/Frameworks/LangAnalysis.framework/Versions/A/LangAnalysis
0x000000000abcf000 	/System/Library/Frameworks/ApplicationServices.framework/Versions/A/Frameworks/PrintCore.framework/Versions/A/PrintCore
0x000000000abcf000 	/System/Library/Frameworks/ApplicationServices.framework/Versions/A/Frameworks/QD.framework/Versions/A/QD
0x000000000abcf000 	/System/Library/Frameworks/ApplicationServices.framework/Versions/A/Frameworks/SpeechSynthesis.framework/Versions/A/SpeechSynthesis
0x000000000abcf000 	/System/Library/Frameworks/Accelerate.framework/Versions/A/Accelerate
0x000000000abcf000 	/System/Library/Frameworks/Accelerate.framework/Versions/A/Frameworks/vImage.framework/Versions/A/vImage
0x000000000abcf000 	/System/Library/Frameworks/Accelerate.framework/Versions/A/Frameworks/vecLib.framework/Versions/A/vecLib
0x000000000abcf000 	/System/Library/Frameworks/Accelerate.framework/Versions/A/Frameworks/vecLib.framework/Versions/A/libvDSP.dylib
0x000000000abcf000 	/System/Library/Frameworks/Accelerate.framework/Versions/A/Frameworks/vecLib.framework/Versions/A/libvMisc.dylib
0x000000000abcf000 	/System/Library/Frameworks/Accelerate.framework/Versions/A/Frameworks/vecLib.framework/Versions/A/libLAPACK.dylib
0x000000000abcf000 	/System/Library/Frameworks/Accelerate.framework/Versions/A/Frameworks/vecLib.framework/Versions/A/libBLAS.dylib
0x000000000abcf000 	/System/Library/Frameworks/Accelerate.framework/Versions/A/Frameworks/vecLib.framework/Versions/A/libLinearAlgebra.dylib
0x000000000abcf000 	/System/Library/Frameworks/ApplicationServices.framework/Versions/A/Frameworks/ATS.framework/Versions/A/Resources/libFontParser.dylib
0x000000000abcf000 	/System/Library/Frameworks/ApplicationServices.framework/Versions/A/Frameworks/ATS.framework/Versions/A/Resources/libFontRegistry.dylib
0x000000000abcf000 	/System/Library/PrivateFrameworks/AppleVPA.framework/Versions/A/AppleVPA
0x000000000abcf000 	/System/Library/PrivateFrameworks/AppleJPEG.framework/Versions/A/AppleJPEG
0x000000000abcf000 	/System/Library/Frameworks/ImageIO.framework/Versions/A/Resources/libJPEG.dylib
0x000000000abcf000 	/System/Library/Frameworks/ImageIO.framework/Versions/A/Resources/libTIFF.dylib
0x000000000abcf000 	/System/Library/Frameworks/ImageIO.framework/Versions/A/Resources/libPng.dylib
0x000000000abcf000 	/System/Library/Frameworks/ImageIO.framework/Versions/A/Resources/libGIF.dylib
0x000000000abcf000 	/System/Library/Frameworks/ImageIO.framework/Versions/A/Resources/libJP2.dylib
0x000000000abcf000 	/System/Library/Frameworks/ImageIO.framework/Versions/A/Resources/libRadiance.dylib
0x000000000abcf000 	/System/Library/Frameworks/CoreVideo.framework/Versions/A/CoreVideo
0x000000000abcf000 	/System/Library/Frameworks/OpenGL.framework/Versions/A/Libraries/libGLU.dylib
0x000000000abcf000 	/System/Library/Frameworks/OpenGL.framework/Versions/A/Libraries/libGFXShared.dylib
0x000000000abcf000 	/System/Library/Frameworks/OpenGL.framework/Versions/A/Libraries/libGL.dylib
0x000000000abcf000 	/System/Library/Frameworks/OpenGL.framework/Versions/A/Libraries/libGLImage.dylib
0x000000000abcf000 	/System/Library/Frameworks/OpenGL.framework/Versions/A/Libraries/libCVMSPluginSupport.dylib
0x000000000abcf000 	/System/Library/Frameworks/OpenGL.framework/Versions/A/Libraries/libCoreVMClient.dylib
0x000000000abcf000 	/usr/lib/libcups.2.dylib
0x000000000abcf000 	/System/Library/Frameworks/Kerberos.framework/Versions/A/Kerberos
0x000000000abcf000 	/System/Library/Frameworks/GSS.framework/Versions/A/GSS
0x000000000abcf000 	/usr/lib/libresolv.9.dylib
0x000000000abcf000 	/usr/lib/libiconv.2.dylib
0x000000000abcf000 	/System/Library/PrivateFrameworks/Heimdal.framework/Versions/A/Heimdal
0x000000000abcf000 	/usr/lib/libheimdal-asn1.dylib
0x000000000abcf000 	/System/Library/Frameworks/OpenDirectory.framework/Versions/A/OpenDirectory
0x000000000abcf000 	/System/Library/PrivateFrameworks/CommonAuth.framework/Versions/A/CommonAuth
0x000000000abcf000 	/System/Library/Frameworks/OpenDirectory.framework/Versions/A/Frameworks/CFOpenDirectory.framework/Versions/A/CFOpenDirectory
0x000000000abcf000 	/System/Library/Frameworks/SecurityFoundation.framework/Versions/A/SecurityFoundation
0x000000000abcf000 	/System/Library/PrivateFrameworks/LanguageModeling.framework/Versions/A/LanguageModeling
0x000000000abcf000 	/usr/lib/libcmph.dylib
0x000000000abcf000 	/System/Library/Frameworks/ServiceManagement.framework/Versions/A/ServiceManagement
0x000000000abcf000 	/usr/lib/libxslt.1.dylib
0x000000000abcf000 	/System/Library/Frameworks/Carbon.framework/Versions/A/Frameworks/Ink.framework/Versions/A/Ink
0x000000000abcf000 	/System/Library/Frameworks/QuartzCore.framework/Versions/A/Frameworks/CoreImage.framework/Versions/A/CoreImage
0x000000000abcf000 	/System/Library/PrivateFrameworks/CrashReporterSupport.framework/Versions/A/CrashReporterSupport
0x000000000abcf000 	/System/Library/Frameworks/OpenCL.framework/Versions/A/OpenCL
0x000000000abcf000 	/System/Library/PrivateFrameworks/FaceCore.framework/Versions/A/FaceCore
0x000000000abcf000 	/System/Library/PrivateFrameworks/Ubiquity.framework/Versions/A/Ubiquity
0x000000000abcf000 	/System/Library/PrivateFrameworks/IconServices.framework/Versions/A/IconServices
0x000000000abcf000 	/System/Library/PrivateFrameworks/ChunkingLibrary.framework/Versions/A/ChunkingLibrary
0x000000000abcf000 	/System/Library/PrivateFrameworks/Apple80211.framework/Versions/A/Apple80211
0x000000000abcf000 	/System/Library/Frameworks/CoreWLAN.framework/Versions/A/CoreWLAN
0x000000000abcf000 	/System/Library/Frameworks/IOBluetooth.framework/Versions/A/IOBluetooth
0x000000000abcf000 	/System/Library/PrivateFrameworks/CoreWiFi.framework/Versions/A/CoreWiFi
0x000000000abcf000 	/System/Library/Frameworks/CoreBluetooth.framework/Versions/A/CoreBluetooth
0x000000000abcf000 	/System/Library/PrivateFrameworks/DebugSymbols.framework/Versions/A/DebugSymbols
0x000000000abcf000 	/System/Library/PrivateFrameworks/CoreSymbolication.framework/Versions/A/CoreSymbolication
0x000000000abcf000 	/System/Library/PrivateFrameworks/Symbolication.framework/Versions/A/Symbolication
0x000000000abcf000 	/System/Library/PrivateFrameworks/SpeechRecognitionCore.framework/Versions/A/SpeechRecognitionCore
0x000000010c000000 	/Library/Java/JavaVirtualMachines/jdk1.8.0_05.jdk/Contents/Home/jre/lib/server/libjvm.dylib
0x000000000abcf000 	/usr/lib/libstdc++.6.dylib
0x000000010b7cc000 	/Library/Java/JavaVirtualMachines/jdk1.8.0_05.jdk/Contents/Home/jre/lib/libverify.dylib
0x000000010cfc3000 	/Library/Java/JavaVirtualMachines/jdk1.8.0_05.jdk/Contents/Home/jre/lib/libjava.dylib
0x000000010cff7000 	/Library/Java/JavaVirtualMachines/jdk1.8.0_05.jdk/Contents/Home/jre/lib/libjdwp.dylib
0x000000010b7db000 	/Library/Java/JavaVirtualMachines/jdk1.8.0_05.jdk/Contents/Home/jre/lib/libnpt.dylib
0x000000010b7e8000 	/Library/Java/JavaVirtualMachines/jdk1.8.0_05.jdk/Contents/Home/jre/lib/libzip.dylib
0x0000000127b89000 	/System/Library/Frameworks/JavaVM.framework/Frameworks/JavaRuntimeSupport.framework/JavaRuntimeSupport
0x0000000127ba1000 	/System/Library/Frameworks/JavaVM.framework/Versions/A/Frameworks/JavaNativeFoundation.framework/Versions/A/JavaNativeFoundation
0x000000010b7f2000 	/System/Library/Frameworks/JavaVM.framework/Versions/A/JavaVM
0x000000000abcf000 	/System/Library/Frameworks/Carbon.framework/Versions/A/Carbon
0x0000000127bb6000 	/System/Library/PrivateFrameworks/JavaLaunching.framework/Versions/A/JavaLaunching
0x000000000abcf000 	/System/Library/Frameworks/Carbon.framework/Versions/A/Frameworks/CommonPanels.framework/Versions/A/CommonPanels
0x000000000abcf000 	/System/Library/Frameworks/Carbon.framework/Versions/A/Frameworks/Help.framework/Versions/A/Help
0x000000000abcf000 	/System/Library/Frameworks/Carbon.framework/Versions/A/Frameworks/ImageCapture.framework/Versions/A/ImageCapture
0x000000000abcf000 	/System/Library/Frameworks/Carbon.framework/Versions/A/Frameworks/OpenScripting.framework/Versions/A/OpenScripting
0x000000000abcf000 	/System/Library/Frameworks/Carbon.framework/Versions/A/Frameworks/Print.framework/Versions/A/Print
0x000000000abcf000 	/System/Library/Frameworks/Carbon.framework/Versions/A/Frameworks/SecurityHI.framework/Versions/A/SecurityHI
0x00000001295a7000 	/Library/Java/JavaVirtualMachines/jdk1.8.0_05.jdk/Contents/Home/jre/lib/libdt_socket.dylib

VM Arguments:
jvm_args: -agentlib:jdwp=transport=dt_socket,suspend=y,address=localhost:63700 -Dfile.encoding=UTF-8 
java_command: com.home.ztest.GraphSearch
java_class_path (initial): /Users/spark/workspace/ztest/target/classes:/Users/spark/.m2/repository/log4j/log4j/1.2.17/log4j-1.2.17.jar
Launcher Type: SUN_STANDARD

Environment Variables:
PATH=/usr/bin:/bin:/usr/sbin:/sbin
SHELL=/bin/bash
DISPLAY=/private/tmp/com.apple.launchd.r9n7K7Jbf7/org.macosforge.xquartz:0

Signal Handlers:
SIGSEGV: [libjvm.dylib+0x55f7df], sa_mask[0]=0xfffefeff, sa_flags=0x00000043
SIGBUS: [libjvm.dylib+0x55f7df], sa_mask[0]=0xfffefeff, sa_flags=0x00000042
SIGFPE: [libjvm.dylib+0x442cfa], sa_mask[0]=0xfffefeff, sa_flags=0x00000042
SIGPIPE: [libjvm.dylib+0x442cfa], sa_mask[0]=0xfffefeff, sa_flags=0x00000042
SIGXFSZ: [libjvm.dylib+0x442cfa], sa_mask[0]=0xfffefeff, sa_flags=0x00000042
SIGILL: [libjvm.dylib+0x442cfa], sa_mask[0]=0xfffefeff, sa_flags=0x00000042
SIGUSR1: SIG_DFL, sa_mask[0]=0x00000000, sa_flags=0x00000000
SIGUSR2: [libjvm.dylib+0x442818], sa_mask[0]=0x00000004, sa_flags=0x00000042
SIGHUP: [libjvm.dylib+0x440ba5], sa_mask[0]=0xfffefeff, sa_flags=0x00000042
SIGINT: [libjvm.dylib+0x440ba5], sa_mask[0]=0xfffefeff, sa_flags=0x00000042
SIGTERM: [libjvm.dylib+0x440ba5], sa_mask[0]=0xfffefeff, sa_flags=0x00000042
SIGQUIT: [libjvm.dylib+0x440ba5], sa_mask[0]=0xfffefeff, sa_flags=0x00000042


---------------  S Y S T E M  ---------------

OS:Bsduname:Darwin 14.4.0 Darwin Kernel Version 14.4.0: Thu May 28 11:35:04 PDT 2015; root:xnu-2782.30.5~1/RELEASE_X86_64 x86_64
rlimit: STACK 8192k, CORE 0k, NPROC 709, NOFILE 10240, AS infinity
load average:0.27 0.46 0.55

CPU:total 4 (2 cores per cpu, 2 threads per core) family 6 model 58 stepping 9, cmov, cx8, fxsr, mmx, sse, sse2, sse3, ssse3, sse4.1, sse4.2, popcnt, avx, aes, clmul, erms, ht, tsc, tscinvbit

Memory: 4k page, physical 16777216k(2260332k free)

/proc/meminfo:


vm_info: Java HotSpot(TM) 64-Bit Server VM (25.5-b02) for bsd-amd64 JRE (1.8.0_05-b13), built on Mar 18 2014 00:36:13 by "java_re" with gcc 4.2.1 (Based on Apple Inc. build 5658) (LLVM build 2336.11.00)

time: Mon Jul 27 23:14:00 2015
elapsed time: 118 seconds

